Populating Graph
Graph has been populated
Clique Finding started at 1303079021
Merge identified!
Merge identified!
Merge identified!
Merge identified!
Merge identified!
Merge identified!
Merge identified!
Merge identified!
Merge identified!
Merge identified!
Merge identified!
Merge identified!
Merge identified!
Merge identified!
Merge identified!
Merge identified!
Merge identified!
Merge identified!
Merge identified!
Merge identified!
Merge identified!
Merge identified!
Merge identified!
Merge identified!
Merge identified!
Merge identified!
Merge identified!
Merge identified!
Merge identified!
Merge identified!
Merge identified!
Merge identified!
Merge identified!
Merge identified!
Merge identified!
Merge identified!
Merge identified!
Merge identified!
Merge identified!
Merge identified!
Merge identified!
Merge identified!
Merge identified!
Merge identified!
Merge identified!
Merge identified!
Merge identified!
Merge identified!
Merge identified!
Merge identified!
Merge identified!
Merge identified!
Merge identified!
Merge identified!
Merge identified!
Merge identified!
Merge identified!
Merge identified!
Merge identified!
Merge identified!
Merge identified!
Merge identified!
Merge identified!
Merge identified!
Merge identified!
Merge identified!
Merge identified!
Merge identified!
Merge identified!
Merge identified!
Merge identified!
Merge identified!
Merge identified!
Merge identified!
Merge identified!
Merge identified!
Merge identified!
Merge identified!
Merge identified!
Merge identified!
Merge identified!
Merge identified!
Merge identified!
Merge identified!
Merge identified!
Merge identified!
Merge identified!
Merge identified!
Merge identified!
Merge identified!
Merge identified!
Merge identified!
Merge identified!
Merge identified!
Merge identified!
Merge identified!
Merge identified!
Merge identified!
Merge identified!
Merge identified!
Merge identified!
Merge identified!
Merge identified!
Merge identified!
Merge identified!
Merge identified!
Merge identified!
Merge identified!
Merge identified!
Merge identified!
Merge identified!
Merge identified!
Merge identified!
Merge identified!
Merge identified!
Merge identified!
Merge identified!
Merge identified!
Merge identified!
Merge identified!
Merge identified!
Merge identified!
Merge identified!
Merge identified!
Merge identified!
Merge identified!
Merge identified!
Merge identified!
Merge identified!
Merge identified!
Merge identified!
Merge identified!
Merge identified!
Merge identified!
Merge identified!
Merge identified!
Merge identified!
Merge identified!
Merge identified!
Merge identified!
Merge identified!
Merge identified!
Merge identified!
Merge identified!
Merge identified!
Merge identified!
Merge identified!
Merge identified!
Merge identified!
Merge identified!
Merge identified!
Merge identified!
Merge identified!
Merge identified!
Merge identified!
Merge identified!
Merge identified!
Merge identified!
Merge identified!
Merge identified!
Merge identified!
Merge identified!
Merge identified!
Merge identified!
Merge identified!
Merge identified!
Merge identified!
Merge identified!
Merge identified!
Merge identified!
Merge identified!
Merge identified!
Merge identified!
Merge identified!
Merge identified!
Merge identified!
Merge identified!
Merge identified!
Merge identified!
Merge identified!
Merge identified!
Merge identified!
Merge identified!
Merge identified!
Merge identified!
Merge identified!
Merge identified!
Merge identified!
Merge identified!
Merge identified!
Merge identified!
Merge identified!
Merge identified!
Merge identified!
Merge identified!
Merge identified!
Merge identified!
Merge identified!
Merge identified!
Merge identified!
Merge identified!
Merge identified!
Merge identified!
Merge identified!
Merge identified!
Merge identified!
Merge identified!
Merge identified!
Merge identified!
Merge identified!
Merge identified!
Merge identified!
Merge identified!
Merge identified!
Merge identified!
Merge identified!
Merge identified!
Merge identified!
Merge identified!
Merge identified!
Merge identified!
Merge identified!
Merge identified!
Merge identified!
Merge identified!
Merge identified!
Merge identified!
Merge identified!
Merge identified!
Merge identified!
Merge identified!
Merge identified!
Merge identified!
Merge identified!
Merge identified!
Merge identified!
Merge identified!
Merge identified!
Merge identified!
Merge identified!
Merge identified!
Merge identified!
Merge identified!
Merge identified!
Merge identified!
Merge identified!
Merge identified!
Merge identified!
Merge identified!
Merge identified!
Merge identified!
Merge identified!
Merge identified!
Merge identified!
Merge identified!
Merge identified!
Merge identified!
Merge identified!
Merge identified!
Merge identified!
Merge identified!
Merge identified!
Merge identified!
Merge identified!
Merge identified!
Merge identified!
Merge identified!
Merge identified!
Merge identified!
Merge identified!
Merge identified!
Merge identified!
Merge identified!
Merge identified!
Merge identified!
Merge identified!
Merge identified!
Merge identified!
Merge identified!
Merge identified!
Merge identified!
Merge identified!
Merge identified!
Merge identified!
Merge identified!
Merge identified!
Merge identified!
Merge identified!
Merge identified!
Merge identified!
Merge identified!
Merge identified!
Merge identified!
Merge identified!
Merge identified!
Merge identified!
Merge identified!
Merge identified!
Merge identified!
Merge identified!
Merge identified!
Merge identified!
Merge identified!
Merge identified!
Merge identified!
Merge identified!
Merge identified!
Merge identified!
Merge identified!
Merge identified!
Merge identified!
Merge identified!
Merge identified!
Merge identified!
Merge identified!
Merge identified!
Merge identified!
Merge identified!
Merge identified!
Merge identified!
Merge identified!
Merge identified!
Merge identified!
Merge identified!
Merge identified!
Merge identified!
Merge identified!
Merge identified!
Merge identified!
Merge identified!
Merge identified!
Merge identified!
Merge identified!
Merge identified!
Merge identified!
Merge identified!
Merge identified!
Merge identified!
Merge identified!
Merge identified!
Merge identified!
Merge identified!
Merge identified!
Merge identified!
Merge identified!
Merge identified!
Merge identified!
Merge identified!
Merge identified!
Merge identified!
Merge identified!
Merge identified!
Merge identified!
Merge identified!
Merge identified!
Merge identified!
Merge identified!
Merge identified!
Merge identified!
Merge identified!
Merge identified!
Merge identified!
Merge identified!
Merge identified!
Merge identified!
Merge identified!
Merge identified!
Merge identified!
Merge identified!
Merge identified!
Merge identified!
Merge identified!
Merge identified!
Merge identified!
Merge identified!
Merge identified!
Merge identified!
Merge identified!
Merge identified!
Merge identified!
Merge identified!
Merge identified!
Merge identified!
Merge identified!
Merge identified!
Merge identified!
Merge identified!
Merge identified!
Merge identified!
Merge identified!
Merge identified!
Merge identified!
Merge identified!
Merge identified!
Merge identified!
Merge identified!
Merge identified!
Merge identified!
Merge identified!
Merge identified!
Merge identified!
Merge identified!
Merge identified!
Merge identified!
Merge identified!
Merge identified!
Merge identified!
Merge identified!
Merge identified!
Merge identified!
Merge identified!
Merge identified!
Merge identified!
Merge identified!
Merge identified!
Merge identified!
Merge identified!
Merge identified!
Merge identified!
Merge identified!
Merge identified!
Merge identified!
Merge identified!
Merge identified!
Merge identified!
Merge identified!
Merge identified!
Merge identified!
Merge identified!
Merge identified!
Merge identified!
Merge identified!
Merge identified!
Merge identified!
Merge identified!
Merge identified!
Merge identified!
Merge identified!
Merge identified!
Merge identified!
Merge identified!
Merge identified!
Merge identified!
Merge identified!
Merge identified!
Merge identified!
Merge identified!
Merge identified!
Merge identified!
Merge identified!
Merge identified!
Merge identified!
Merge identified!
Merge identified!
Merge identified!
Merge identified!
Merge identified!
Merge identified!
Merge identified!
Merge identified!
Merge identified!
Merge identified!
Merge identified!
Merge identified!
Merge identified!
Merge identified!
Merge identified!
Merge identified!
Merge identified!
Merge identified!
Merge identified!
Merge identified!
Merge identified!
Merge identified!
Merge identified!
Merge identified!
Merge identified!
Merge identified!
Merge identified!
Merge identified!
Merge identified!
Merge identified!
Merge identified!
Merge identified!
Merge identified!
Merge identified!
Merge identified!
Merge identified!
Merge identified!
Merge identified!
Merge identified!
Merge identified!
Merge identified!
Merge identified!
Merge identified!
Merge identified!
Merge identified!
Merge identified!
Merge identified!
Merge identified!
Merge identified!
Merge identified!
Merge identified!
Merge identified!
Merge identified!
Merge identified!
Merge identified!
Merge identified!
Merge identified!
Merge identified!
Merge identified!
Merge identified!
Merge identified!
Merge identified!
Merge identified!
Merge identified!
Merge identified!
Merge identified!
Merge identified!
Merge identified!
Merge identified!
Merge identified!
Merge identified!
Merge identified!
Merge identified!
Merge identified!
Merge identified!
Merge identified!
Merge identified!
Merge identified!
Merge identified!
Merge identified!
Merge identified!
Merge identified!
Merge identified!
Merge identified!
Merge identified!
Merge identified!
Merge identified!
Merge identified!
Merge identified!
Merge identified!
Merge identified!
Merge identified!
Merge identified!
Merge identified!
Merge identified!
Merge identified!
Merge identified!
Merge identified!
Merge identified!
Merge identified!
Merge identified!
Merge identified!
Merge identified!
Merge identified!
Merge identified!
Merge identified!
Merge identified!
Merge identified!
Merge identified!
Merge identified!
Merge identified!
Merge identified!
Merge identified!
Merge identified!
Merge identified!
Merge identified!
Merge identified!
Merge identified!
Merge identified!
Merge identified!
Merge identified!
Merge identified!
Merge identified!
Merge identified!
Merge identified!
Merge identified!
Merge identified!
Merge identified!
Merge identified!
Merge identified!
Merge identified!
Merge identified!
Merge identified!
Merge identified!
Merge identified!
Merge identified!
Merge identified!
Merge identified!
Merge identified!
Merge identified!
Merge identified!
Merge identified!
Merge identified!
Merge identified!
Merge identified!
Merge identified!
Merge identified!
Merge identified!
Merge identified!
Merge identified!
Merge identified!
Merge identified!
Merge identified!
Merge identified!
Merge identified!
Merge identified!
Merge identified!
Merge identified!
Merge identified!
Merge identified!
Merge identified!
Merge identified!
Merge identified!
Merge identified!
Merge identified!
Merge identified!
Merge identified!
Merge identified!
Merge identified!
Merge identified!
Merge identified!
Merge identified!
Merge identified!
Merge identified!
Merge identified!
Merge identified!
Merge identified!
Merge identified!
Merge identified!
Merge identified!
Merge identified!
Merge identified!
Merge identified!
Merge identified!
Merge identified!
Merge identified!
Merge identified!
Merge identified!
Merge identified!
Merge identified!
Merge identified!
Merge identified!
Merge identified!
Merge identified!
Merge identified!
Merge identified!
Merge identified!
Merge identified!
Merge identified!
Merge identified!
Merge identified!
Merge identified!
Merge identified!
Merge identified!
Merge identified!
Merge identified!
Merge identified!
Merge identified!
Merge identified!
Merge identified!
Merge identified!
Merge identified!
Merge identified!
Merge identified!
Merge identified!
Merge identified!
Merge identified!
Merge identified!
Merge identified!
Merge identified!
Merge identified!
Merge identified!
Merge identified!
Merge identified!
Merge identified!
Merge identified!
Merge identified!
Merge identified!
Merge identified!
Merge identified!
Merge identified!
Merge identified!
Merge identified!
Merge identified!
Merge identified!
Merge identified!
Merge identified!
Merge identified!
Merge identified!
Merge identified!
Merge identified!
Merge identified!
Merge identified!
Merge identified!
Merge identified!
Merge identified!
Merge identified!
Merge identified!
Merge identified!
Merge identified!
Merge identified!
Merge identified!
Merge identified!
Merge identified!
Merge identified!
Merge identified!
Merge identified!
Merge identified!
Merge identified!
Merge identified!
Merge identified!
Merge identified!
Merge identified!
Merge identified!
Merge identified!
Merge identified!
Merge identified!
Merge identified!
Merge identified!
Merge identified!
Merge identified!
Merge identified!
Merge identified!
Merge identified!
Merge identified!
Merge identified!
Merge identified!
Merge identified!
Merge identified!
Merge identified!
Merge identified!
Merge identified!
Merge identified!
Merge identified!
Merge identified!
Merge identified!
Merge identified!
Merge identified!
Merge identified!
Merge identified!
Merge identified!
Merge identified!
Merge identified!
Merge identified!
Merge identified!
Merge identified!
Merge identified!
Merge identified!
Merge identified!
Merge identified!
Merge identified!
Merge identified!
Merge identified!
Merge identified!
Merge identified!
Merge identified!
Merge identified!
Merge identified!
Merge identified!
Merge identified!
Merge identified!
Merge identified!
Merge identified!
Merge identified!
Merge identified!
Merge identified!
Merge identified!
Merge identified!
Merge identified!
Merge identified!
Merge identified!
Merge identified!
Merge identified!
Merge identified!
Merge identified!
Merge identified!
Merge identified!
Merge identified!
Merge identified!
Merge identified!
Merge identified!
Merge identified!
Merge identified!
Merge identified!
Merge identified!
Merge identified!
Merge identified!
Merge identified!
Merge identified!
Merge identified!
Merge identified!
Merge identified!
Merge identified!
Merge identified!
Merge identified!
Merge identified!
Merge identified!
Merge identified!
Merge identified!
Merge identified!
Merge identified!
Merge identified!
Merge identified!
Merge identified!
Merge identified!
Merge identified!
Merge identified!
Merge identified!
Merge identified!
Merge identified!
Merge identified!
Merge identified!
Merge identified!
Merge identified!
Merge identified!
Merge identified!
Merge identified!
Merge identified!
Merge identified!
Merge identified!
Merge identified!
Merge identified!
Merge identified!
Merge identified!
Merge identified!
Merge identified!
Merge identified!
Merge identified!
Merge identified!
Merge identified!
Merge identified!
Merge identified!
Merge identified!
Merge identified!
Merge identified!
Merge identified!
Merge identified!
Merge identified!
Merge identified!
Merge identified!
Merge identified!
Merge identified!
Merge identified!
Merge identified!
Merge identified!
Merge identified!
Merge identified!
Merge identified!
Merge identified!
Merge identified!
Merge identified!
Merge identified!
Merge identified!
Merge identified!
Merge identified!
Merge identified!
Merge identified!
Merge identified!
Merge identified!
Merge identified!
Merge identified!
Merge identified!
Merge identified!
Merge identified!
Merge identified!
Merge identified!
Merge identified!
Merge identified!
Merge identified!
Merge identified!
Merge identified!
Merge identified!
Merge identified!
Merge identified!
Merge identified!
Merge identified!
Merge identified!
Merge identified!
Merge identified!
Merge identified!
Merge identified!
Merge identified!
Merge identified!
Merge identified!
Merge identified!
Merge identified!
Merge identified!
Merge identified!
Merge identified!
Merge identified!
Merge identified!
Merge identified!
Merge identified!
Merge identified!
Merge identified!
Merge identified!
Merge identified!
Merge identified!
Merge identified!
Merge identified!
Merge identified!
Merge identified!
Merge identified!
Merge identified!
Merge identified!
Merge identified!
Merge identified!
Merge identified!
Merge identified!
Merge identified!
Merge identified!
Merge identified!
Merge identified!
Merge identified!
Level:
[19,257,]
[1221,1259,]
[1221,1236,]
[1137,1221,]
[1097,1247,]
[545,978,]
[334,545,]
[35,545,]
[545,647,]
[1160,1167,]
[1221,1259,]
[1062,1259,]
[1193,1259,]
[1006,1144,]
[722,1267,]
[36,722,]
[722,813,]
[407,722,]
[722,769,]
[722,789,]
[722,993,]
[982,1241,]
[871,1241,]
[960,1000,]
[769,1043,]
[663,697,]
[311,697,]
[697,941,]
[313,697,]
[697,981,]
[697,994,]
[697,742,]
[697,789,]
[72,697,]
[697,960,]
[697,993,]
[663,697,]
[311,663,]
[663,762,]
[36,663,]
[663,853,]
[663,707,]
[171,663,]
[663,704,]
[663,1125,]
[663,844,]
[663,971,]
[663,710,]
[425,663,]
[663,789,]
[72,663,]
[636,663,]
[663,993,]
[311,1023,]
[742,1023,]
[94,150,]
[150,592,]
[1006,1144,]
[1006,1029,]
[789,1006,]
[749,805,]
[805,994,]
[704,805,]
[805,1125,]
[805,813,]
[805,1097,]
[805,960,]
[805,1167,]
[805,993,]
[805,871,]
[75,192,]
[28,192,]
[56,192,]
[407,673,]
[258,273,]
[937,1061,]
[937,1151,]
[440,560,]
[559,560,]
[440,560,]
[282,440,]
[29,313,]
[29,151,]
[29,761,]
[29,308,]
[28,29,]
[29,154,]
[29,600,]
[29,259,]
[23,29,]
[29,317,]
[29,39,]
[29,55,]
[311,697,]
[311,663,]
[311,1023,]
[311,941,]
[311,994,]
[311,1034,]
[311,707,]
[311,643,]
[311,956,]
[311,637,]
[311,795,]
[311,946,]
[311,321,]
[311,971,]
[311,742,]
[311,784,]
[311,769,]
[311,789,]
[311,317,]
[311,1031,]
[311,993,]
[311,871,]
[922,941,]
[922,1062,]
[922,1111,]
[587,922,]
[922,1230,]
[922,1234,]
[922,1236,]
[922,943,]
[922,1167,]
[749,805,]
[730,749,]
[600,749,]
[749,789,]
[697,941,]
[311,941,]
[922,941,]
[334,941,]
[941,1062,]
[941,1201,]
[941,1199,]
[941,971,]
[861,941,]
[941,1127,]
[86,733,]
[439,733,]
[794,895,]
[86,895,]
[545,978,]
[304,978,]
[35,978,]
[956,978,]
[978,1279,]
[978,1029,]
[978,1234,]
[978,1114,]
[959,978,]
[978,1022,]
[978,993,]
[764,947,]
[313,697,]
[29,313,]
[313,704,]
[313,795,]
[313,644,]
[313,959,]
[1165,1261,]
[993,1165,]
[600,706,]
[697,981,]
[304,981,]
[35,803,]
[696,1125,]
[794,895,]
[794,982,]
[794,795,]
[789,794,]
[86,794,]
[171,230,]
[686,956,]
[686,710,]
[317,882,]
[722,1267,]
[1211,1267,]
[763,1267,]
[663,762,]
[704,762,]
[15,762,]
[762,1211,]
[600,762,]
[762,1029,]
[644,762,]
[762,789,]
[762,993,]
[6,8,]
[8,80,]
[8,75,]
[8,28,]
[8,10,]
[8,39,]
[8,55,]
[8,319,]
[8,33,]
[6,34,]
[34,282,]
[29,151,]
[80,151,]
[151,236,]
[28,151,]
[304,978,]
[304,981,]
[304,761,]
[304,810,]
[304,704,]
[304,795,]
[304,742,]
[304,789,]
[304,317,]
[86,304,]
[36,722,]
[36,663,]
[36,334,]
[36,308,]
[36,255,]
[36,310,]
[36,600,]
[36,55,]
[334,545,]
[334,941,]
[36,334,]
[334,1203,]
[334,838,]
[317,334,]
[334,918,]
[6,8,]
[6,34,]
[6,28,]
[6,10,]
[6,19,]
[6,56,]
[6,39,]
[6,55,]
[255,658,]
[171,705,]
[705,1062,]
[705,1029,]
[317,705,]
[813,822,]
[8,80,]
[80,151,]
[80,236,]
[55,80,]
[94,150,]
[28,94,]
[23,94,]
[94,302,]
[697,994,]
[805,994,]
[311,994,]
[707,994,]
[742,994,]
[789,994,]
[937,1061,]
[362,363,]
[311,1034,]
[663,853,]
[317,853,]
[730,749,]
[730,838,]
[600,730,]
[29,761,]
[304,761,]
[432,999,]
[432,813,]
[432,844,]
[310,432,]
[432,769,]
[432,1055,]
[317,432,]
[432,802,]
[15,974,]
[417,974,]
[403,1166,]
[86,913,]
[663,707,]
[311,707,]
[707,994,]
[707,1062,]
[707,946,]
[707,742,]
[707,710,]
[707,784,]
[707,1038,]
[707,861,]
[707,769,]
[626,707,]
[55,549,]
[255,306,]
[306,319,]
[306,406,]
[38,55,]
[171,663,]
[171,230,]
[171,705,]
[171,1125,]
[171,1211,]
[171,904,]
[311,643,]
[1062,1259,]
[922,1062,]
[941,1062,]
[705,1062,]
[707,1062,]
[946,1062,]
[710,1062,]
[1062,1230,]
[1062,1193,]
[35,545,]
[35,978,]
[35,803,]
[35,227,]
[35,152,]
[35,971,]
[35,647,]
[35,644,]
[35,39,]
[35,415,]
[35,1127,]
[35,339,]
[35,1193,]
[35,1075,]
[35,132,]
[28,147,]
[140,339,]
[140,282,]
[311,956,]
[956,978,]
[686,956,]
[956,993,]
[3,54,]
[28,54,]
[941,1201,]
[922,1111,]
[259,1111,]
[993,1111,]
[1075,1111,]
[982,1241,]
[794,982,]
[311,637,]
[637,863,]
[637,789,]
[317,637,]
[432,999,]
[789,999,]
[28,226,]
[72,226,]
[304,810,]
[810,1029,]
[769,1049,]
[1044,1049,]
[637,863,]
[151,236,]
[80,236,]
[28,236,]
[236,282,]
[236,406,]
[663,704,]
[704,805,]
[313,704,]
[704,762,]
[304,704,]
[308,704,]
[704,985,]
[704,789,]
[317,704,]
[579,1127,]
[579,626,]
[35,227,]
[35,152,]
[75,152,]
[28,152,]
[56,152,]
[55,152,]
[663,1125,]
[805,1125,]
[696,1125,]
[171,1125,]
[960,1125,]
[993,1125,]
[722,813,]
[805,813,]
[813,822,]
[432,813,]
[813,1279,]
[813,1137,]
[813,993,]
[587,922,]
[311,795,]
[313,795,]
[794,795,]
[304,795,]
[789,795,]
[317,795,]
[75,192,]
[8,75,]
[75,152,]
[28,75,]
[32,75,]
[311,946,]
[707,946,]
[946,1062,]
[72,946,]
[946,993,]
[946,1166,]
[975,993,]
[308,859,]
[290,1211,]
[290,1164,]
[290,1230,]
[290,1193,]
[15,762,]
[15,974,]
[15,600,]
[663,844,]
[432,844,]
[308,844,]
[28,246,]
[764,947,]
[29,308,]
[36,308,]
[308,704,]
[308,859,]
[308,844,]
[308,321,]
[308,838,]
[308,600,]
[308,861,]
[308,317,]
[86,308,]
[3,54,]
[3,28,]
[3,178,]
[28,50,]
[50,154,]
[23,50,]
[255,371,]
[72,371,]
[371,567,]
[311,321,]
[308,321,]
[321,971,]
[321,769,]
[321,918,]
[941,1199,]
[1167,1200,]
[993,1200,]
[1166,1200,]
[1211,1267,]
[762,1211,]
[171,1211,]
[290,1211,]
[1211,1279,]
[710,1211,]
[1151,1211,]
[993,1211,]
[36,255,]
[255,658,]
[255,306,]
[255,371,]
[255,319,]
[255,282,]
[255,633,]
[255,564,]
[28,232,]
[663,971,]
[311,971,]
[941,971,]
[35,971,]
[321,971,]
[789,971,]
[317,971,]
[904,971,]
[971,1167,]
[871,971,]
[697,742,]
[742,1023,]
[311,742,]
[304,742,]
[742,994,]
[707,742,]
[324,742,]
[742,769,]
[317,742,]
[36,310,]
[310,432,]
[310,682,]
[310,674,]
[310,633,]
[715,719,]
[600,760,]
[978,1279,]
[813,1279,]
[1211,1279,]
[710,1279,]
[1236,1279,]
[1055,1279,]
[826,1279,]
[28,49,]
[334,1203,]
[704,985,]
[789,985,]
[545,647,]
[35,647,]
[600,647,]
[861,1253,]
[28,192,]
[28,29,]
[8,28,]
[28,151,]
[6,28,]
[28,94,]
[28,147,]
[28,54,]
[28,226,]
[28,236,]
[28,152,]
[28,75,]
[28,246,]
[3,28,]
[28,50,]
[28,232,]
[28,49,]
[28,127,]
[28,154,]
[19,28,]
[28,56,]
[28,55,]
[28,228,]
[28,224,]
[28,33,]
[28,127,]
[362,363,]
[1097,1247,]
[805,1097,]
[993,1097,]
[8,10,]
[6,10,]
[324,742,]
[763,1267,]
[150,592,]
[282,592,]
[29,154,]
[50,154,]
[28,154,]
[290,1164,]
[407,1164,]
[993,1164,]
[334,838,]
[730,838,]
[308,838,]
[663,710,]
[686,710,]
[707,710,]
[710,1062,]
[710,1211,]
[710,1279,]
[710,1230,]
[710,784,]
[710,1038,]
[710,769,]
[710,789,]
[346,1166,]
[922,1230,]
[1062,1230,]
[290,1230,]
[710,1230,]
[1167,1230,]
[993,1230,]
[19,257,]
[6,19,]
[19,28,]
[19,132,]
[95,108,]
[258,261,]
[29,600,]
[600,749,]
[600,706,]
[600,762,]
[36,600,]
[600,730,]
[15,600,]
[308,600,]
[600,760,]
[600,647,]
[600,769,]
[259,600,]
[72,600,]
[86,600,]
[600,601,]
[600,626,]
[1006,1029,]
[978,1029,]
[762,1029,]
[705,1029,]
[810,1029,]
[311,784,]
[707,784,]
[710,784,]
[784,789,]
[1151,1185,]
[425,663,]
[56,192,]
[6,56,]
[56,152,]
[28,56,]
[707,1038,]
[710,1038,]
[417,974,]
[861,941,]
[707,861,]
[308,861,]
[861,1253,]
[922,1234,]
[978,1234,]
[943,1234,]
[1167,1234,]
[407,722,]
[407,673,]
[407,1164,]
[407,1236,]
[72,407,]
[313,644,]
[644,762,]
[35,644,]
[439,644,]
[722,769,]
[769,1043,]
[311,769,]
[432,769,]
[707,769,]
[769,1049,]
[321,769,]
[742,769,]
[710,769,]
[600,769,]
[259,769,]
[769,802,]
[769,1044,]
[722,789,]
[697,789,]
[663,789,]
[789,1006,]
[311,789,]
[749,789,]
[789,794,]
[762,789,]
[304,789,]
[789,994,]
[637,789,]
[789,999,]
[704,789,]
[789,795,]
[789,971,]
[789,985,]
[710,789,]
[784,789,]
[317,789,]
[72,789,]
[978,1114,]
[1221,1236,]
[922,1236,]
[1236,1279,]
[407,1236,]
[928,1236,]
[993,1236,]
[432,1055,]
[1055,1279,]
[826,1055,]
[871,1055,]
[715,719,]
[719,723,]
[29,259,]
[259,1111,]
[259,600,]
[259,769,]
[259,959,]
[259,356,]
[259,1075,]
[259,626,]
[3,178,]
[72,178,]
[959,978,]
[313,959,]
[259,959,]
[23,29,]
[23,94,]
[23,50,]
[23,39,]
[29,317,]
[311,317,]
[317,882,]
[304,317,]
[317,334,]
[317,705,]
[317,853,]
[317,432,]
[317,637,]
[317,704,]
[317,795,]
[308,317,]
[317,971,]
[317,742,]
[317,789,]
[317,993,]
[29,39,]
[8,39,]
[6,39,]
[35,39,]
[23,39,]
[39,319,]
[928,1236,]
[310,682,]
[1022,1156,]
[29,55,]
[8,55,]
[36,55,]
[6,55,]
[55,80,]
[55,549,]
[38,55,]
[55,152,]
[28,55,]
[55,356,]
[55,86,]
[719,723,]
[95,108,]
[826,1279,]
[826,1055,]
[826,1167,]
[826,993,]
[826,871,]
[993,1103,]
[282,590,]
[35,415,]
[258,273,]
[258,261,]
[171,904,]
[904,971,]
[904,1151,]
[72,697,]
[72,663,]
[72,226,]
[72,946,]
[72,371,]
[72,600,]
[72,407,]
[72,789,]
[72,178,]
[72,1193,]
[32,75,]
[8,319,]
[306,319,]
[255,319,]
[39,319,]
[319,633,]
[937,1151,]
[1151,1211,]
[1151,1185,]
[904,1151,]
[204,1151,]
[993,1151,]
[1151,1166,]
[636,663,]
[259,356,]
[55,356,]
[941,1127,]
[35,1127,]
[579,1127,]
[311,1031,]
[825,1166,]
[28,228,]
[228,282,]
[1165,1261,]
[665,667,]
[371,567,]
[86,733,]
[86,895,]
[86,794,]
[86,304,]
[86,913,]
[86,308,]
[86,600,]
[55,86,]
[86,674,]
[86,439,]
[86,918,]
[86,626,]
[432,802,]
[769,802,]
[35,339,]
[140,339,]
[1137,1221,]
[813,1137,]
[204,1151,]
[310,674,]
[86,674,]
[960,1000,]
[697,960,]
[805,960,]
[960,1125,]
[626,960,]
[1044,1049,]
[769,1044,]
[978,1022,]
[1022,1156,]
[1022,1167,]
[922,943,]
[943,1234,]
[836,993,]
[1193,1259,]
[1062,1193,]
[35,1193,]
[290,1193,]
[72,1193,]
[871,1193,]
[665,667,]
[1160,1167,]
[805,1167,]
[922,1167,]
[1167,1200,]
[971,1167,]
[1167,1230,]
[1167,1234,]
[826,1167,]
[1022,1167,]
[993,1167,]
[871,1167,]
[559,560,]
[94,302,]
[722,993,]
[697,993,]
[663,993,]
[805,993,]
[311,993,]
[978,993,]
[993,1165,]
[762,993,]
[956,993,]
[993,1111,]
[993,1125,]
[813,993,]
[946,993,]
[975,993,]
[993,1200,]
[993,1211,]
[993,1097,]
[993,1164,]
[993,1230,]
[993,1236,]
[317,993,]
[826,993,]
[993,1103,]
[993,1151,]
[836,993,]
[993,1167,]
[993,1166,]
[626,993,]
[282,440,]
[34,282,]
[140,282,]
[236,282,]
[255,282,]
[282,592,]
[282,590,]
[228,282,]
[224,282,]
[282,564,]
[28,224,]
[224,282,]
[255,633,]
[310,633,]
[319,633,]
[871,1241,]
[805,871,]
[311,871,]
[871,971,]
[871,1055,]
[826,871,]
[871,1193,]
[871,1167,]
[306,406,]
[236,406,]
[35,1075,]
[1075,1111,]
[259,1075,]
[439,733,]
[439,644,]
[86,439,]
[35,132,]
[19,132,]
[403,1166,]
[946,1166,]
[1166,1200,]
[346,1166,]
[1151,1166,]
[825,1166,]
[993,1166,]
[600,601,]
[334,918,]
[321,918,]
[86,918,]
[8,33,]
[28,33,]
[255,564,]
[282,564,]
[626,707,]
[579,626,]
[600,626,]
[259,626,]
[86,626,]
[626,960,]
[626,993,]
Merge identified!
Merge identified!
Merge identified!
Merge identified!
Merge identified!
Merge identified!
Merge identified!
Merge identified!
Merge identified!
Merge identified!
Merge identified!
Merge identified!
Merge identified!
Merge identified!
Merge identified!
Merge identified!
Merge identified!
Merge identified!
Merge identified!
Merge identified!
Merge identified!
Merge identified!
Merge identified!
Merge identified!
Merge identified!
Merge identified!
Merge identified!
Merge identified!
Merge identified!
Merge identified!
Merge identified!
Merge identified!
Merge identified!
Merge identified!
Merge identified!
Merge identified!
Merge identified!
Merge identified!
Merge identified!
Merge identified!
Merge identified!
Merge identified!
Merge identified!
Merge identified!
Merge identified!
Merge identified!
Merge identified!
Merge identified!
Merge identified!
Merge identified!
Merge identified!
Merge identified!
Merge identified!
Merge identified!
Merge identified!
Merge identified!
Merge identified!
Merge identified!
Merge identified!
Merge identified!
Merge identified!
Merge identified!
Merge identified!
Merge identified!
Merge identified!
Merge identified!
Merge identified!
Merge identified!
Merge identified!
Merge identified!
Merge identified!
Merge identified!
Merge identified!
Merge identified!
Merge identified!
Merge identified!
Merge identified!
Merge identified!
Merge identified!
Merge identified!
Merge identified!
Merge identified!
Merge identified!
Merge identified!
Merge identified!
Merge identified!
Merge identified!
Merge identified!
Merge identified!
Merge identified!
Merge identified!
Merge identified!
Merge identified!
Merge identified!
Merge identified!
Merge identified!
Merge identified!
Merge identified!
Merge identified!
Merge identified!
Merge identified!
Merge identified!
Merge identified!
Merge identified!
Merge identified!
Merge identified!
Merge identified!
Merge identified!
Merge identified!
Merge identified!
Merge identified!
Merge identified!
Merge identified!
Merge identified!
Merge identified!
Merge identified!
Merge identified!
Merge identified!
Merge identified!
Merge identified!
Merge identified!
Merge identified!
Merge identified!
Merge identified!
Merge identified!
Merge identified!
Merge identified!
Merge identified!
Merge identified!
Merge identified!
Merge identified!
Merge identified!
Merge identified!
Merge identified!
Merge identified!
Merge identified!
Merge identified!
Merge identified!
Merge identified!
Merge identified!
Merge identified!
Merge identified!
Merge identified!
Merge identified!
Merge identified!
Merge identified!
Merge identified!
Merge identified!
Merge identified!
Merge identified!
Merge identified!
Merge identified!
Merge identified!
Merge identified!
Merge identified!
Merge identified!
Merge identified!
Merge identified!
Merge identified!
Merge identified!
Merge identified!
Merge identified!
Merge identified!
Merge identified!
Merge identified!
Merge identified!
Merge identified!
Merge identified!
Merge identified!
Merge identified!
Merge identified!
Merge identified!
Merge identified!
Merge identified!
Merge identified!
Merge identified!
Merge identified!
Merge identified!
Merge identified!
Merge identified!
Merge identified!
Merge identified!
Merge identified!
Merge identified!
Merge identified!
Merge identified!
Merge identified!
Merge identified!
Merge identified!
Merge identified!
Merge identified!
Merge identified!
Merge identified!
Merge identified!
Merge identified!
Merge identified!
Merge identified!
Merge identified!
Merge identified!
Merge identified!
Merge identified!
Merge identified!
Merge identified!
Merge identified!
Merge identified!
Merge identified!
Merge identified!
Merge identified!
Merge identified!
Merge identified!
Merge identified!
Merge identified!
Merge identified!
Merge identified!
Merge identified!
Merge identified!
Merge identified!
Merge identified!
Merge identified!
Merge identified!
Merge identified!
Merge identified!
Merge identified!
Merge identified!
Merge identified!
Merge identified!
Merge identified!
Merge identified!
Merge identified!
Merge identified!
Merge identified!
Merge identified!
Merge identified!
Merge identified!
Merge identified!
Merge identified!
Merge identified!
Merge identified!
Merge identified!
Merge identified!
Merge identified!
Merge identified!
Merge identified!
Merge identified!
Merge identified!
Merge identified!
Merge identified!
Merge identified!
Merge identified!
Merge identified!
Merge identified!
Merge identified!
Merge identified!
Merge identified!
Merge identified!
Merge identified!
Merge identified!
Merge identified!
Merge identified!
Merge identified!
Merge identified!
Merge identified!
Merge identified!
Merge identified!
Merge identified!
Merge identified!
Merge identified!
Merge identified!
Merge identified!
Merge identified!
Merge identified!
Merge identified!
Merge identified!
Merge identified!
Merge identified!
Merge identified!
Merge identified!
Merge identified!
Merge identified!
Merge identified!
Merge identified!
Merge identified!
Merge identified!
Merge identified!
Merge identified!
Merge identified!
Merge identified!
Merge identified!
Merge identified!
Merge identified!
Merge identified!
Merge identified!
Merge identified!
Merge identified!
Merge identified!
Merge identified!
Merge identified!
Merge identified!
Merge identified!
Merge identified!
Merge identified!
Merge identified!
Merge identified!
Merge identified!
Merge identified!
Merge identified!
Merge identified!
Merge identified!
Merge identified!
Merge identified!
Merge identified!
Merge identified!
Merge identified!
Merge identified!
Merge identified!
Merge identified!
Merge identified!
Merge identified!
Merge identified!
Merge identified!
Merge identified!
Merge identified!
Merge identified!
Merge identified!
Merge identified!
Merge identified!
Merge identified!
Merge identified!
Merge identified!
Merge identified!
Merge identified!
Merge identified!
Merge identified!
Merge identified!
Merge identified!
Merge identified!
Merge identified!
Merge identified!
Merge identified!
Merge identified!
Merge identified!
Merge identified!
Merge identified!
Merge identified!
Merge identified!
Merge identified!
Merge identified!
Merge identified!
Merge identified!
Merge identified!
Merge identified!
Merge identified!
Merge identified!
Merge identified!
Merge identified!
Merge identified!
Merge identified!
Merge identified!
Merge identified!
Merge identified!
Merge identified!
Merge identified!
Merge identified!
Merge identified!
Merge identified!
Merge identified!
Merge identified!
Merge identified!
Merge identified!
Merge identified!
Merge identified!
Merge identified!
Merge identified!
Merge identified!
Merge identified!
Merge identified!
Merge identified!
Merge identified!
Merge identified!
Merge identified!
Merge identified!
Merge identified!
Merge identified!
Merge identified!
Merge identified!
Merge identified!
Merge identified!
Merge identified!
Merge identified!
Merge identified!
Merge identified!
Merge identified!
Merge identified!
Merge identified!
Merge identified!
Merge identified!
Merge identified!
Merge identified!
Merge identified!
Merge identified!
Merge identified!
Merge identified!
Merge identified!
Merge identified!
Merge identified!
Merge identified!
Merge identified!
Merge identified!
Merge identified!
Merge identified!
Merge identified!
Merge identified!
Merge identified!
Merge identified!
Merge identified!
Merge identified!
Merge identified!
Merge identified!
Merge identified!
Merge identified!
Merge identified!
Merge identified!
Merge identified!
Merge identified!
Merge identified!
Merge identified!
Merge identified!
Merge identified!
Merge identified!
Merge identified!
Merge identified!
Merge identified!
Merge identified!
Merge identified!
Merge identified!
Merge identified!
Merge identified!
Merge identified!
Merge identified!
Merge identified!
Merge identified!
Merge identified!
Merge identified!
Merge identified!
Merge identified!
Merge identified!
Merge identified!
Merge identified!
Merge identified!
Merge identified!
Merge identified!
Merge identified!
Merge identified!
Merge identified!
Merge identified!
Merge identified!
Merge identified!
Merge identified!
Merge identified!
Merge identified!
Merge identified!
Merge identified!
Merge identified!
Merge identified!
Merge identified!
Merge identified!
Merge identified!
Merge identified!
Merge identified!
Merge identified!
Merge identified!
Merge identified!
Merge identified!
Merge identified!
Merge identified!
Merge identified!
Merge identified!
Merge identified!
Merge identified!
Merge identified!
Merge identified!
Merge identified!
Merge identified!
Merge identified!
Merge identified!
Merge identified!
Merge identified!
Merge identified!
Merge identified!
Merge identified!
Merge identified!
Merge identified!
Merge identified!
Merge identified!
Merge identified!
Merge identified!
Merge identified!
Merge identified!
Merge identified!
Merge identified!
Merge identified!
Merge identified!
Merge identified!
Merge identified!
Merge identified!
Merge identified!
Merge identified!
Merge identified!
Merge identified!
Merge identified!
Merge identified!
Merge identified!
Merge identified!
Merge identified!
Merge identified!
Merge identified!
Merge identified!
Merge identified!
Merge identified!
Merge identified!
Merge identified!
Merge identified!
Merge identified!
Merge identified!
Merge identified!
Merge identified!
Merge identified!
Merge identified!
Merge identified!
Merge identified!
Merge identified!
Merge identified!
Merge identified!
Merge identified!
Merge identified!
Merge identified!
Merge identified!
Merge identified!
Merge identified!
Merge identified!
Merge identified!
Merge identified!
Merge identified!
Merge identified!
Merge identified!
Merge identified!
Merge identified!
Merge identified!
Merge identified!
Merge identified!
Merge identified!
Merge identified!
Merge identified!
Merge identified!
Merge identified!
Merge identified!
Merge identified!
Merge identified!
Merge identified!
Merge identified!
Merge identified!
Merge identified!
Merge identified!
Merge identified!
Merge identified!
Merge identified!
Merge identified!
Merge identified!
Merge identified!
Merge identified!
Merge identified!
Merge identified!
Merge identified!
Merge identified!
Merge identified!
Merge identified!
Merge identified!
Merge identified!
Merge identified!
Merge identified!
Merge identified!
Merge identified!
Merge identified!
Merge identified!
Merge identified!
Merge identified!
Merge identified!
Merge identified!
Merge identified!
Merge identified!
Merge identified!
Merge identified!
Merge identified!
Merge identified!
Merge identified!
Merge identified!
Merge identified!
Merge identified!
Merge identified!
Merge identified!
Merge identified!
Merge identified!
Merge identified!
Merge identified!
Merge identified!
Merge identified!
Merge identified!
Merge identified!
Merge identified!
Merge identified!
Merge identified!
Merge identified!
Merge identified!
Merge identified!
Merge identified!
Merge identified!
Merge identified!
Merge identified!
Merge identified!
Merge identified!
Merge identified!
Merge identified!
Merge identified!
Merge identified!
Merge identified!
Merge identified!
Merge identified!
Merge identified!
Merge identified!
Merge identified!
Merge identified!
Merge identified!
Merge identified!
Merge identified!
Merge identified!
Merge identified!
Merge identified!
Merge identified!
Merge identified!
Merge identified!
Merge identified!
Merge identified!
Merge identified!
Merge identified!
Merge identified!
Merge identified!
Merge identified!
Merge identified!
Merge identified!
Merge identified!
Merge identified!
Merge identified!
Merge identified!
Merge identified!
Merge identified!
Merge identified!
Merge identified!
Merge identified!
Merge identified!
Merge identified!
Merge identified!
Merge identified!
Merge identified!
Merge identified!
Merge identified!
Merge identified!
Merge identified!
Merge identified!
Merge identified!
Merge identified!
Merge identified!
Merge identified!
Merge identified!
Merge identified!
Merge identified!
Merge identified!
Merge identified!
Merge identified!
Merge identified!
Merge identified!
Merge identified!
Merge identified!
Merge identified!
Merge identified!
Merge identified!
Merge identified!
Merge identified!
Merge identified!
Merge identified!
Merge identified!
Merge identified!
Merge identified!
Merge identified!
Merge identified!
Merge identified!
Merge identified!
Merge identified!
Merge identified!
Merge identified!
Merge identified!
Merge identified!
Merge identified!
Merge identified!
Merge identified!
Merge identified!
Merge identified!
Merge identified!
Merge identified!
Merge identified!
Merge identified!
Merge identified!
Merge identified!
Merge identified!
Merge identified!
Merge identified!
Merge identified!
Merge identified!
Merge identified!
Merge identified!
Merge identified!
Merge identified!
Merge identified!
Merge identified!
Merge identified!
Merge identified!
Merge identified!
Merge identified!
Merge identified!
Merge identified!
Merge identified!
Merge identified!
Merge identified!
Merge identified!
Merge identified!
Merge identified!
Merge identified!
Merge identified!
Merge identified!
Merge identified!
Merge identified!
Merge identified!
Merge identified!
Merge identified!
Merge identified!
Merge identified!
Merge identified!
Merge identified!
Merge identified!
Merge identified!
Merge identified!
Merge identified!
Merge identified!
Merge identified!
Merge identified!
Merge identified!
Merge identified!
Merge identified!
Merge identified!
Merge identified!
Merge identified!
Merge identified!
Merge identified!
Merge identified!
Merge identified!
Merge identified!
Merge identified!
Merge identified!
Merge identified!
Merge identified!
Merge identified!
Merge identified!
Merge identified!
Merge identified!
Merge identified!
Merge identified!
Merge identified!
Merge identified!
Merge identified!
Merge identified!
Merge identified!
Merge identified!
Merge identified!
Merge identified!
Merge identified!
Merge identified!
Merge identified!
Merge identified!
Merge identified!
Merge identified!
Merge identified!
Merge identified!
Merge identified!
Merge identified!
Merge identified!
Merge identified!
Merge identified!
Merge identified!
Merge identified!
Merge identified!
Merge identified!
Merge identified!
Merge identified!
Merge identified!
Merge identified!
Merge identified!
Merge identified!
Merge identified!
Merge identified!
Merge identified!
Merge identified!
Merge identified!
Merge identified!
Merge identified!
Merge identified!
Merge identified!
Merge identified!
Merge identified!
Merge identified!
Merge identified!
Merge identified!
Merge identified!
Merge identified!
Merge identified!
Merge identified!
Merge identified!
Merge identified!
Merge identified!
Merge identified!
Merge identified!
Merge identified!
Merge identified!
Merge identified!
Merge identified!
Merge identified!
Merge identified!
Merge identified!
Merge identified!
Merge identified!
Merge identified!
Merge identified!
Merge identified!
Merge identified!
Merge identified!
Merge identified!
Merge identified!
Merge identified!
Merge identified!
Merge identified!
Merge identified!
Merge identified!
Merge identified!
Merge identified!
Merge identified!
Merge identified!
Merge identified!
Merge identified!
Merge identified!
Merge identified!
Merge identified!
Merge identified!
Merge identified!
Merge identified!
Merge identified!
Merge identified!
Merge identified!
Merge identified!
Merge identified!
Merge identified!
Merge identified!
Merge identified!
Merge identified!
Merge identified!
Merge identified!
Merge identified!
Merge identified!
Merge identified!
Level:
[35,545,978,]
[35,545,978,]
[35,545,647,]
[35,545,647,]
[1062,1193,1259,]
[1062,1193,1259,]
[722,813,993,]
[722,813,993,]
[311,663,697,]
[663,697,789,]
[72,663,697,]
[663,697,993,]
[311,663,697,]
[311,697,941,]
[311,697,994,]
[311,697,742,]
[311,697,789,]
[311,697,993,]
[311,697,941,]
[311,697,994,]
[697,742,994,]
[697,789,994,]
[311,697,742,]
[697,742,994,]
[663,697,789,]
[311,697,789,]
[697,789,994,]
[72,697,789,]
[72,663,697,]
[72,697,789,]
[663,697,993,]
[311,697,993,]
[311,663,697,]
[663,697,789,]
[72,663,697,]
[663,697,993,]
[311,663,697,]
[311,663,707,]
[311,663,971,]
[311,663,789,]
[311,663,993,]
[663,704,762,]
[663,762,789,]
[663,762,993,]
[311,663,707,]
[663,707,710,]
[171,663,1125,]
[663,704,762,]
[663,704,789,]
[171,663,1125,]
[663,993,1125,]
[311,663,971,]
[663,789,971,]
[663,707,710,]
[663,710,789,]
[663,697,789,]
[311,663,789,]
[663,762,789,]
[663,704,789,]
[663,789,971,]
[663,710,789,]
[72,663,789,]
[72,663,697,]
[72,663,789,]
[663,697,993,]
[311,663,993,]
[663,762,993,]
[663,993,1125,]
[311,742,1023,]
[311,742,1023,]
[805,960,1125,]
[805,993,1125,]
[805,813,993,]
[805,993,1097,]
[805,960,1125,]
[805,993,1167,]
[805,871,1167,]
[805,993,1125,]
[805,813,993,]
[805,993,1097,]
[805,993,1167,]
[805,871,1167,]
[28,75,192,]
[28,75,192,]
[28,56,192,]
[28,56,192,]
[28,29,151,]
[29,308,600,]
[29,308,317,]
[28,29,151,]
[28,29,154,]
[28,29,55,]
[28,29,154,]
[29,308,600,]
[29,259,600,]
[29,259,600,]
[23,29,39,]
[29,308,317,]
[23,29,39,]
[28,29,55,]
[311,663,697,]
[311,697,941,]
[311,697,994,]
[311,697,742,]
[311,697,789,]
[311,697,993,]
[311,663,697,]
[311,663,707,]
[311,663,971,]
[311,663,789,]
[311,663,993,]
[311,742,1023,]
[311,697,941,]
[311,941,971,]
[311,697,994,]
[311,707,994,]
[311,742,994,]
[311,789,994,]
[311,663,707,]
[311,707,994,]
[311,707,946,]
[311,707,742,]
[311,707,784,]
[311,707,769,]
[311,956,993,]
[311,637,789,]
[311,317,637,]
[311,789,795,]
[311,317,795,]
[311,707,946,]
[311,946,993,]
[311,321,971,]
[311,321,769,]
[311,663,971,]
[311,941,971,]
[311,321,971,]
[311,789,971,]
[311,317,971,]
[311,871,971,]
[311,697,742,]
[311,742,1023,]
[311,742,994,]
[311,707,742,]
[311,742,769,]
[311,317,742,]
[311,707,784,]
[311,784,789,]
[311,707,769,]
[311,321,769,]
[311,742,769,]
[311,697,789,]
[311,663,789,]
[311,789,994,]
[311,637,789,]
[311,789,795,]
[311,789,971,]
[311,784,789,]
[311,317,789,]
[311,317,637,]
[311,317,795,]
[311,317,971,]
[311,317,742,]
[311,317,789,]
[311,317,993,]
[311,697,993,]
[311,663,993,]
[311,956,993,]
[311,946,993,]
[311,317,993,]
[311,871,971,]
[922,941,1062,]
[922,941,1062,]
[922,1062,1230,]
[922,1062,1230,]
[922,1167,1230,]
[922,943,1234,]
[922,1167,1234,]
[922,943,1234,]
[922,1167,1230,]
[922,1167,1234,]
[600,730,749,]
[600,730,749,]
[311,697,941,]
[311,697,941,]
[311,941,971,]
[922,941,1062,]
[922,941,1062,]
[311,941,971,]
[86,439,733,]
[86,439,733,]
[86,794,895,]
[86,794,895,]
[35,545,978,]
[35,545,978,]
[956,978,993,]
[956,978,993,]
[86,794,895,]
[789,794,795,]
[789,794,795,]
[86,794,895,]
[663,704,762,]
[663,762,789,]
[663,762,993,]
[663,704,762,]
[704,762,789,]
[15,600,762,]
[762,993,1211,]
[15,600,762,]
[663,762,789,]
[704,762,789,]
[663,762,993,]
[762,993,1211,]
[6,8,28,]
[6,8,10,]
[6,8,39,]
[6,8,55,]
[8,55,80,]
[8,28,75,]
[6,8,28,]
[8,28,75,]
[8,28,55,]
[8,28,33,]
[6,8,10,]
[6,8,39,]
[8,39,319,]
[6,8,55,]
[8,55,80,]
[8,28,55,]
[8,39,319,]
[8,28,33,]
[28,29,151,]
[80,151,236,]
[80,151,236,]
[28,151,236,]
[28,29,151,]
[28,151,236,]
[304,704,789,]
[304,317,704,]
[304,789,795,]
[304,317,795,]
[304,317,742,]
[304,704,789,]
[304,789,795,]
[304,317,789,]
[304,317,704,]
[304,317,795,]
[304,317,742,]
[304,317,789,]
[36,308,600,]
[36,308,600,]
[6,8,28,]
[6,8,10,]
[6,8,39,]
[6,8,55,]
[6,8,28,]
[6,19,28,]
[6,28,56,]
[6,28,55,]
[6,8,10,]
[6,19,28,]
[6,28,56,]
[6,8,39,]
[6,8,55,]
[6,28,55,]
[8,55,80,]
[80,151,236,]
[80,151,236,]
[8,55,80,]
[311,697,994,]
[697,742,994,]
[697,789,994,]
[311,697,994,]
[311,707,994,]
[311,742,994,]
[311,789,994,]
[311,707,994,]
[707,742,994,]
[697,742,994,]
[311,742,994,]
[707,742,994,]
[697,789,994,]
[311,789,994,]
[600,730,749,]
[600,730,749,]
[432,769,802,]
[432,769,802,]
[311,663,707,]
[663,707,710,]
[311,663,707,]
[311,707,994,]
[311,707,946,]
[311,707,742,]
[311,707,784,]
[311,707,769,]
[311,707,994,]
[707,742,994,]
[707,946,1062,]
[707,710,1062,]
[311,707,946,]
[707,946,1062,]
[311,707,742,]
[707,742,994,]
[707,742,769,]
[663,707,710,]
[707,710,1062,]
[707,710,784,]
[707,710,1038,]
[707,710,769,]
[311,707,784,]
[707,710,784,]
[707,710,1038,]
[311,707,769,]
[707,742,769,]
[707,710,769,]
[255,306,319,]
[255,306,319,]
[171,663,1125,]
[171,663,1125,]
[1062,1193,1259,]
[922,941,1062,]
[922,1062,1230,]
[922,941,1062,]
[707,946,1062,]
[707,710,1062,]
[707,946,1062,]
[707,710,1062,]
[710,1062,1230,]
[922,1062,1230,]
[710,1062,1230,]
[1062,1193,1259,]
[35,545,978,]
[35,545,647,]
[35,545,978,]
[35,545,647,]
[311,956,993,]
[956,978,993,]
[311,956,993,]
[956,978,993,]
[3,28,54,]
[3,28,54,]
[259,1075,1111,]
[259,1075,1111,]
[311,637,789,]
[311,317,637,]
[311,637,789,]
[317,637,789,]
[311,317,637,]
[317,637,789,]
[769,1044,1049,]
[769,1044,1049,]
[80,151,236,]
[28,151,236,]
[80,151,236,]
[28,151,236,]
[663,704,762,]
[663,704,789,]
[663,704,762,]
[704,762,789,]
[304,704,789,]
[304,317,704,]
[308,317,704,]
[704,789,985,]
[663,704,789,]
[704,762,789,]
[304,704,789,]
[704,789,985,]
[317,704,789,]
[304,317,704,]
[308,317,704,]
[317,704,789,]
[28,75,152,]
[28,75,152,]
[28,56,152,]
[28,55,152,]
[28,56,152,]
[28,55,152,]
[171,663,1125,]
[663,993,1125,]
[805,960,1125,]
[805,993,1125,]
[171,663,1125,]
[805,960,1125,]
[663,993,1125,]
[805,993,1125,]
[722,813,993,]
[805,813,993,]
[722,813,993,]
[805,813,993,]
[311,789,795,]
[311,317,795,]
[789,794,795,]
[304,789,795,]
[304,317,795,]
[311,789,795,]
[789,794,795,]
[304,789,795,]
[317,789,795,]
[311,317,795,]
[304,317,795,]
[317,789,795,]
[28,75,192,]
[8,28,75,]
[28,75,152,]
[28,75,192,]
[8,28,75,]
[28,75,152,]
[311,707,946,]
[311,946,993,]
[311,707,946,]
[707,946,1062,]
[707,946,1062,]
[311,946,993,]
[946,993,1166,]
[946,993,1166,]
[15,600,762,]
[15,600,762,]
[29,308,600,]
[29,308,317,]
[36,308,600,]
[308,317,704,]
[29,308,600,]
[36,308,600,]
[86,308,600,]
[29,308,317,]
[308,317,704,]
[86,308,600,]
[3,28,54,]
[3,28,54,]
[28,50,154,]
[28,50,154,]
[311,321,971,]
[311,321,769,]
[311,321,971,]
[311,321,769,]
[993,1167,1200,]
[993,1167,1200,]
[993,1166,1200,]
[993,1166,1200,]
[762,993,1211,]
[710,1211,1279,]
[710,1211,1279,]
[993,1151,1211,]
[762,993,1211,]
[993,1151,1211,]
[255,306,319,]
[255,306,319,]
[255,319,633,]
[255,282,564,]
[255,319,633,]
[255,282,564,]
[311,663,971,]
[663,789,971,]
[311,663,971,]
[311,941,971,]
[311,321,971,]
[311,789,971,]
[311,317,971,]
[311,871,971,]
[311,941,971,]
[311,321,971,]
[663,789,971,]
[311,789,971,]
[317,789,971,]
[311,317,971,]
[317,789,971,]
[871,971,1167,]
[311,871,971,]
[871,971,1167,]
[311,697,742,]
[697,742,994,]
[311,742,1023,]
[311,697,742,]
[311,742,1023,]
[311,742,994,]
[311,707,742,]
[311,742,769,]
[311,317,742,]
[304,317,742,]
[697,742,994,]
[311,742,994,]
[707,742,994,]
[311,707,742,]
[707,742,994,]
[707,742,769,]
[311,742,769,]
[707,742,769,]
[311,317,742,]
[304,317,742,]
[710,1211,1279,]
[710,1211,1279,]
[826,1055,1279,]
[826,1055,1279,]
[704,789,985,]
[704,789,985,]
[35,545,647,]
[35,545,647,]
[28,75,192,]
[28,56,192,]
[28,29,151,]
[28,29,154,]
[28,29,55,]
[6,8,28,]
[8,28,75,]
[8,28,55,]
[8,28,33,]
[28,29,151,]
[28,151,236,]
[6,8,28,]
[6,19,28,]
[6,28,56,]
[6,28,55,]
[3,28,54,]
[28,151,236,]
[28,75,152,]
[28,56,152,]
[28,55,152,]
[28,75,192,]
[8,28,75,]
[28,75,152,]
[3,28,54,]
[28,50,154,]
[28,29,154,]
[28,50,154,]
[6,19,28,]
[28,56,192,]
[6,28,56,]
[28,56,152,]
[28,29,55,]
[8,28,55,]
[6,28,55,]
[28,55,152,]
[8,28,33,]
[805,993,1097,]
[805,993,1097,]
[6,8,10,]
[6,8,10,]
[28,29,154,]
[28,50,154,]
[28,29,154,]
[28,50,154,]
[663,707,710,]
[663,710,789,]
[663,707,710,]
[707,710,1062,]
[707,710,784,]
[707,710,1038,]
[707,710,769,]
[707,710,1062,]
[710,1062,1230,]
[710,1211,1279,]
[710,1211,1279,]
[710,1062,1230,]
[707,710,784,]
[710,784,789,]
[707,710,1038,]
[707,710,769,]
[663,710,789,]
[710,784,789,]
[922,1062,1230,]
[922,1167,1230,]
[922,1062,1230,]
[710,1062,1230,]
[710,1062,1230,]
[922,1167,1230,]
[993,1167,1230,]
[993,1167,1230,]
[6,19,28,]
[6,19,28,]
[29,308,600,]
[29,259,600,]
[600,730,749,]
[15,600,762,]
[36,308,600,]
[600,730,749,]
[15,600,762,]
[29,308,600,]
[36,308,600,]
[86,308,600,]
[259,600,769,]
[29,259,600,]
[259,600,769,]
[259,600,626,]
[86,308,600,]
[86,600,626,]
[259,600,626,]
[86,600,626,]
[311,707,784,]
[311,784,789,]
[311,707,784,]
[707,710,784,]
[707,710,784,]
[710,784,789,]
[311,784,789,]
[710,784,789,]
[28,56,192,]
[6,28,56,]
[28,56,152,]
[28,56,192,]
[6,28,56,]
[28,56,152,]
[707,710,1038,]
[707,710,1038,]
[922,943,1234,]
[922,1167,1234,]
[922,943,1234,]
[922,1167,1234,]
[311,707,769,]
[311,321,769,]
[311,742,769,]
[432,769,802,]
[311,707,769,]
[707,742,769,]
[707,710,769,]
[769,1044,1049,]
[311,321,769,]
[311,742,769,]
[707,742,769,]
[707,710,769,]
[259,600,769,]
[259,600,769,]
[432,769,802,]
[769,1044,1049,]
[663,697,789,]
[311,697,789,]
[697,789,994,]
[72,697,789,]
[663,697,789,]
[311,663,789,]
[663,762,789,]
[663,704,789,]
[663,789,971,]
[663,710,789,]
[72,663,789,]
[311,697,789,]
[311,663,789,]
[311,789,994,]
[311,637,789,]
[311,789,795,]
[311,789,971,]
[311,784,789,]
[311,317,789,]
[789,794,795,]
[663,762,789,]
[704,762,789,]
[304,704,789,]
[304,789,795,]
[304,317,789,]
[697,789,994,]
[311,789,994,]
[311,637,789,]
[317,637,789,]
[663,704,789,]
[704,762,789,]
[304,704,789,]
[704,789,985,]
[317,704,789,]
[311,789,795,]
[789,794,795,]
[304,789,795,]
[317,789,795,]
[663,789,971,]
[311,789,971,]
[317,789,971,]
[704,789,985,]
[663,710,789,]
[710,784,789,]
[311,784,789,]
[710,784,789,]
[311,317,789,]
[304,317,789,]
[317,637,789,]
[317,704,789,]
[317,789,795,]
[317,789,971,]
[72,697,789,]
[72,663,789,]
[826,1055,1279,]
[826,1055,1279,]
[826,871,1055,]
[826,871,1055,]
[29,259,600,]
[259,1075,1111,]
[29,259,600,]
[259,600,769,]
[259,600,626,]
[259,600,769,]
[259,1075,1111,]
[259,600,626,]
[23,29,39,]
[23,29,39,]
[29,308,317,]
[311,317,637,]
[311,317,795,]
[311,317,971,]
[311,317,742,]
[311,317,789,]
[311,317,993,]
[304,317,704,]
[304,317,795,]
[304,317,742,]
[304,317,789,]
[311,317,637,]
[317,637,789,]
[304,317,704,]
[308,317,704,]
[317,704,789,]
[311,317,795,]
[304,317,795,]
[317,789,795,]
[29,308,317,]
[308,317,704,]
[311,317,971,]
[317,789,971,]
[311,317,742,]
[304,317,742,]
[311,317,789,]
[304,317,789,]
[317,637,789,]
[317,704,789,]
[317,789,795,]
[317,789,971,]
[311,317,993,]
[23,29,39,]
[6,8,39,]
[8,39,319,]
[6,8,39,]
[23,29,39,]
[8,39,319,]
[28,29,55,]
[6,8,55,]
[8,55,80,]
[8,28,55,]
[6,8,55,]
[6,28,55,]
[8,55,80,]
[28,55,152,]
[28,29,55,]
[8,28,55,]
[6,28,55,]
[28,55,152,]
[826,1055,1279,]
[826,1055,1279,]
[826,871,1055,]
[826,993,1167,]
[826,871,1167,]
[826,993,1167,]
[826,871,1055,]
[826,871,1167,]
[72,663,697,]
[72,697,789,]
[72,663,697,]
[72,663,789,]
[72,697,789,]
[72,663,789,]
[8,39,319,]
[255,306,319,]
[255,306,319,]
[255,319,633,]
[8,39,319,]
[255,319,633,]
[993,1151,1211,]
[993,1151,1211,]
[993,1151,1166,]
[993,1151,1166,]
[86,439,733,]
[86,794,895,]
[86,794,895,]
[86,308,600,]
[86,308,600,]
[86,600,626,]
[86,439,733,]
[86,600,626,]
[432,769,802,]
[432,769,802,]
[805,960,1125,]
[805,960,1125,]
[769,1044,1049,]
[769,1044,1049,]
[922,943,1234,]
[922,943,1234,]
[1062,1193,1259,]
[1062,1193,1259,]
[805,993,1167,]
[805,871,1167,]
[922,1167,1230,]
[922,1167,1234,]
[993,1167,1200,]
[871,971,1167,]
[922,1167,1230,]
[993,1167,1230,]
[922,1167,1234,]
[826,993,1167,]
[826,871,1167,]
[805,993,1167,]
[993,1167,1200,]
[993,1167,1230,]
[826,993,1167,]
[805,871,1167,]
[871,971,1167,]
[826,871,1167,]
[722,813,993,]
[663,697,993,]
[311,697,993,]
[663,697,993,]
[311,663,993,]
[663,762,993,]
[663,993,1125,]
[805,993,1125,]
[805,813,993,]
[805,993,1097,]
[805,993,1167,]
[311,697,993,]
[311,663,993,]
[311,956,993,]
[311,946,993,]
[311,317,993,]
[956,978,993,]
[663,762,993,]
[762,993,1211,]
[311,956,993,]
[956,978,993,]
[663,993,1125,]
[805,993,1125,]
[722,813,993,]
[805,813,993,]
[311,946,993,]
[946,993,1166,]
[993,1167,1200,]
[993,1166,1200,]
[762,993,1211,]
[993,1151,1211,]
[805,993,1097,]
[993,1167,1230,]
[311,317,993,]
[826,993,1167,]
[993,1151,1211,]
[993,1151,1166,]
[805,993,1167,]
[993,1167,1200,]
[993,1167,1230,]
[826,993,1167,]
[946,993,1166,]
[993,1166,1200,]
[993,1151,1166,]
[255,282,564,]
[255,282,564,]
[255,319,633,]
[255,319,633,]
[805,871,1167,]
[311,871,971,]
[311,871,971,]
[871,971,1167,]
[826,871,1055,]
[826,871,1055,]
[826,871,1167,]
[805,871,1167,]
[871,971,1167,]
[826,871,1167,]
[259,1075,1111,]
[259,1075,1111,]
[86,439,733,]
[86,439,733,]
[946,993,1166,]
[993,1166,1200,]
[993,1151,1166,]
[946,993,1166,]
[993,1166,1200,]
[993,1151,1166,]
[8,28,33,]
[8,28,33,]
[255,282,564,]
[255,282,564,]
[259,600,626,]
[86,600,626,]
[259,600,626,]
[86,600,626,]
Merge identified!
Merge identified!
Merge identified!
Merge identified!
Merge identified!
Merge identified!
Merge identified!
Merge identified!
Merge identified!
Merge identified!
Merge identified!
Merge identified!
Merge identified!
Merge identified!
Merge identified!
Merge identified!
Merge identified!
Merge identified!
Merge identified!
Merge identified!
Merge identified!
Merge identified!
Merge identified!
Merge identified!
Merge identified!
Merge identified!
Merge identified!
Merge identified!
Merge identified!
Merge identified!
Merge identified!
Merge identified!
Merge identified!
Merge identified!
Merge identified!
Merge identified!
Merge identified!
Merge identified!
Merge identified!
Merge identified!
Merge identified!
Merge identified!
Merge identified!
Merge identified!
Merge identified!
Merge identified!
Merge identified!
Merge identified!
Merge identified!
Merge identified!
Merge identified!
Merge identified!
Merge identified!
Merge identified!
Merge identified!
Merge identified!
Merge identified!
Merge identified!
Merge identified!
Merge identified!
Merge identified!
Merge identified!
Merge identified!
Merge identified!
Merge identified!
Merge identified!
Merge identified!
Merge identified!
Merge identified!
Merge identified!
Merge identified!
Merge identified!
Merge identified!
Merge identified!
Merge identified!
Merge identified!
Merge identified!
Merge identified!
Merge identified!
Merge identified!
Merge identified!
Merge identified!
Merge identified!
Merge identified!
Merge identified!
Merge identified!
Merge identified!
Merge identified!
Merge identified!
Merge identified!
Merge identified!
Merge identified!
Merge identified!
Merge identified!
Merge identified!
Merge identified!
Merge identified!
Merge identified!
Merge identified!
Merge identified!
Merge identified!
Merge identified!
Merge identified!
Merge identified!
Merge identified!
Merge identified!
Merge identified!
Merge identified!
Merge identified!
Merge identified!
Merge identified!
Merge identified!
Merge identified!
Merge identified!
Merge identified!
Merge identified!
Merge identified!
Merge identified!
Merge identified!
Merge identified!
Merge identified!
Merge identified!
Merge identified!
Merge identified!
Merge identified!
Merge identified!
Merge identified!
Merge identified!
Merge identified!
Merge identified!
Merge identified!
Merge identified!
Merge identified!
Merge identified!
Merge identified!
Merge identified!
Merge identified!
Merge identified!
Merge identified!
Merge identified!
Merge identified!
Merge identified!
Merge identified!
Merge identified!
Merge identified!
Merge identified!
Merge identified!
Merge identified!
Merge identified!
Merge identified!
Merge identified!
Merge identified!
Merge identified!
Merge identified!
Merge identified!
Merge identified!
Merge identified!
Merge identified!
Merge identified!
Merge identified!
Merge identified!
Merge identified!
Merge identified!
Merge identified!
Merge identified!
Merge identified!
Merge identified!
Merge identified!
Merge identified!
Merge identified!
Merge identified!
Merge identified!
Merge identified!
Merge identified!
Merge identified!
Merge identified!
Merge identified!
Merge identified!
Merge identified!
Merge identified!
Merge identified!
Merge identified!
Merge identified!
Merge identified!
Merge identified!
Merge identified!
Merge identified!
Merge identified!
Merge identified!
Merge identified!
Merge identified!
Merge identified!
Merge identified!
Merge identified!
Merge identified!
Merge identified!
Merge identified!
Merge identified!
Merge identified!
Merge identified!
Merge identified!
Merge identified!
Merge identified!
Merge identified!
Merge identified!
Merge identified!
Merge identified!
Merge identified!
Merge identified!
Merge identified!
Merge identified!
Merge identified!
Merge identified!
Merge identified!
Merge identified!
Merge identified!
Merge identified!
Merge identified!
Merge identified!
Merge identified!
Merge identified!
Merge identified!
Merge identified!
Merge identified!
Merge identified!
Merge identified!
Merge identified!
Merge identified!
Merge identified!
Merge identified!
Merge identified!
Merge identified!
Merge identified!
Merge identified!
Merge identified!
Merge identified!
Merge identified!
Merge identified!
Merge identified!
Merge identified!
Merge identified!
Merge identified!
Merge identified!
Merge identified!
Merge identified!
Merge identified!
Merge identified!
Merge identified!
Merge identified!
Merge identified!
Merge identified!
Merge identified!
Merge identified!
Merge identified!
Merge identified!
Merge identified!
Merge identified!
Merge identified!
Merge identified!
Merge identified!
Merge identified!
Merge identified!
Merge identified!
Merge identified!
Merge identified!
Merge identified!
Merge identified!
Merge identified!
Merge identified!
Merge identified!
Merge identified!
Merge identified!
Merge identified!
Merge identified!
Merge identified!
Merge identified!
Merge identified!
Merge identified!
Merge identified!
Merge identified!
Merge identified!
Merge identified!
Merge identified!
Merge identified!
Merge identified!
Merge identified!
Merge identified!
Merge identified!
Merge identified!
Merge identified!
Merge identified!
Merge identified!
Merge identified!
Merge identified!
Merge identified!
Merge identified!
Merge identified!
Merge identified!
Merge identified!
Merge identified!
Merge identified!
Merge identified!
Merge identified!
Merge identified!
Merge identified!
Merge identified!
Merge identified!
Merge identified!
Merge identified!
Merge identified!
Merge identified!
Merge identified!
Merge identified!
Merge identified!
Merge identified!
Merge identified!
Merge identified!
Merge identified!
Merge identified!
Merge identified!
Merge identified!
Merge identified!
Merge identified!
Merge identified!
Merge identified!
Merge identified!
Merge identified!
Merge identified!
Merge identified!
Merge identified!
Merge identified!
Merge identified!
Merge identified!
Merge identified!
Merge identified!
Merge identified!
Merge identified!
Merge identified!
Merge identified!
Merge identified!
Merge identified!
Merge identified!
Merge identified!
Merge identified!
Merge identified!
Merge identified!
Merge identified!
Merge identified!
Merge identified!
Merge identified!
Merge identified!
Merge identified!
Merge identified!
Merge identified!
Merge identified!
Merge identified!
Merge identified!
Merge identified!
Merge identified!
Merge identified!
Level:
[311,663,697,789,]
[311,663,697,993,]
[311,663,697,789,]
[72,663,697,789,]
[72,663,697,789,]
[311,663,697,993,]
[311,663,697,789,]
[311,663,697,993,]
[311,697,742,994,]
[311,697,789,994,]
[311,697,742,994,]
[311,663,697,789,]
[311,697,789,994,]
[311,663,697,993,]
[311,697,742,994,]
[311,697,789,994,]
[311,697,742,994,]
[311,697,789,994,]
[311,697,742,994,]
[311,697,742,994,]
[311,663,697,789,]
[72,663,697,789,]
[311,663,697,789,]
[311,697,789,994,]
[311,697,789,994,]
[72,663,697,789,]
[72,663,697,789,]
[72,663,697,789,]
[311,663,697,993,]
[311,663,697,993,]
[311,663,697,789,]
[311,663,697,993,]
[311,663,697,789,]
[72,663,697,789,]
[72,663,697,789,]
[311,663,697,993,]
[311,663,697,789,]
[311,663,697,993,]
[311,663,789,971,]
[311,663,697,789,]
[311,663,789,971,]
[311,663,697,993,]
[663,704,762,789,]
[663,704,762,789,]
[663,704,762,789,]
[663,704,762,789,]
[311,663,789,971,]
[311,663,789,971,]
[311,663,697,789,]
[72,663,697,789,]
[311,663,697,789,]
[311,663,789,971,]
[663,704,762,789,]
[663,704,762,789,]
[311,663,789,971,]
[72,663,697,789,]
[72,663,697,789,]
[72,663,697,789,]
[311,663,697,993,]
[311,663,697,993,]
[311,663,697,789,]
[311,663,697,993,]
[311,697,742,994,]
[311,697,789,994,]
[311,697,742,994,]
[311,663,697,789,]
[311,697,789,994,]
[311,663,697,993,]
[311,663,697,789,]
[311,663,697,993,]
[311,663,789,971,]
[311,663,697,789,]
[311,663,789,971,]
[311,663,697,993,]
[311,697,742,994,]
[311,697,789,994,]
[311,707,742,994,]
[311,697,742,994,]
[311,707,742,994,]
[311,697,789,994,]
[311,707,742,994,]
[311,707,742,994,]
[311,707,742,769,]
[311,707,742,769,]
[311,317,637,789,]
[311,317,637,789,]
[311,317,789,795,]
[311,317,789,795,]
[311,663,789,971,]
[311,663,789,971,]
[311,317,789,971,]
[311,317,789,971,]
[311,697,742,994,]
[311,697,742,994,]
[311,707,742,994,]
[311,707,742,994,]
[311,707,742,769,]
[311,707,742,769,]
[311,707,742,769,]
[311,707,742,769,]
[311,663,697,789,]
[311,697,789,994,]
[311,663,697,789,]
[311,663,789,971,]
[311,697,789,994,]
[311,317,637,789,]
[311,317,789,795,]
[311,663,789,971,]
[311,317,789,971,]
[311,317,637,789,]
[311,317,789,795,]
[311,317,789,971,]
[311,317,637,789,]
[311,317,789,795,]
[311,317,789,971,]
[311,317,637,789,]
[311,317,789,795,]
[311,317,789,971,]
[311,663,697,993,]
[311,663,697,993,]
[663,704,762,789,]
[663,704,762,789,]
[663,704,762,789,]
[663,704,762,789,]
[663,704,762,789,]
[663,704,762,789,]
[6,8,28,55,]
[6,8,28,55,]
[6,8,28,55,]
[6,8,28,55,]
[6,8,28,55,]
[6,8,28,55,]
[304,317,704,789,]
[304,317,704,789,]
[304,317,789,795,]
[304,317,789,795,]
[304,317,704,789,]
[304,317,789,795,]
[304,317,704,789,]
[304,317,789,795,]
[304,317,704,789,]
[304,317,789,795,]
[304,317,704,789,]
[304,317,789,795,]
[6,8,28,55,]
[6,8,28,55,]
[6,8,28,55,]
[6,8,28,55,]
[6,8,28,55,]
[6,8,28,55,]
[311,697,742,994,]
[311,697,789,994,]
[311,697,742,994,]
[311,697,789,994,]
[311,697,742,994,]
[311,697,789,994,]
[311,707,742,994,]
[311,697,742,994,]
[311,707,742,994,]
[311,697,789,994,]
[311,707,742,994,]
[311,707,742,994,]
[311,697,742,994,]
[311,697,742,994,]
[311,707,742,994,]
[311,707,742,994,]
[311,697,789,994,]
[311,697,789,994,]
[311,707,742,994,]
[311,707,742,994,]
[311,707,742,769,]
[311,707,742,769,]
[311,707,742,994,]
[311,707,742,994,]
[311,707,742,994,]
[311,707,742,769,]
[311,707,742,994,]
[311,707,742,769,]
[311,707,742,769,]
[311,707,742,769,]
[311,317,637,789,]
[311,317,637,789,]
[311,317,637,789,]
[311,317,637,789,]
[311,317,637,789,]
[311,317,637,789,]
[663,704,762,789,]
[663,704,762,789,]
[663,704,762,789,]
[663,704,762,789,]
[304,317,704,789,]
[304,317,704,789,]
[663,704,762,789,]
[663,704,762,789,]
[304,317,704,789,]
[304,317,704,789,]
[304,317,704,789,]
[304,317,704,789,]
[311,317,789,795,]
[311,317,789,795,]
[304,317,789,795,]
[304,317,789,795,]
[311,317,789,795,]
[304,317,789,795,]
[311,317,789,795,]
[304,317,789,795,]
[311,317,789,795,]
[304,317,789,795,]
[311,317,789,795,]
[304,317,789,795,]
[311,663,789,971,]
[311,663,789,971,]
[311,663,789,971,]
[311,663,789,971,]
[311,317,789,971,]
[311,317,789,971,]
[311,663,789,971,]
[311,663,789,971,]
[311,317,789,971,]
[311,317,789,971,]
[311,317,789,971,]
[311,317,789,971,]
[311,697,742,994,]
[311,697,742,994,]
[311,697,742,994,]
[311,697,742,994,]
[311,707,742,994,]
[311,707,742,994,]
[311,707,742,769,]
[311,707,742,769,]
[311,697,742,994,]
[311,697,742,994,]
[311,707,742,994,]
[311,707,742,994,]
[311,707,742,994,]
[311,707,742,769,]
[311,707,742,994,]
[311,707,742,769,]
[311,707,742,769,]
[311,707,742,769,]
[6,8,28,55,]
[6,8,28,55,]
[6,8,28,55,]
[6,8,28,55,]
[6,8,28,55,]
[6,8,28,55,]
[311,707,742,769,]
[311,707,742,769,]
[311,707,742,769,]
[311,707,742,769,]
[311,707,742,769,]
[311,707,742,769,]
[311,663,697,789,]
[72,663,697,789,]
[311,663,697,789,]
[311,697,789,994,]
[311,697,789,994,]
[72,663,697,789,]
[311,663,697,789,]
[72,663,697,789,]
[311,663,697,789,]
[311,663,789,971,]
[663,704,762,789,]
[663,704,762,789,]
[311,663,789,971,]
[72,663,697,789,]
[311,663,697,789,]
[311,697,789,994,]
[311,663,697,789,]
[311,663,789,971,]
[311,697,789,994,]
[311,317,637,789,]
[311,317,789,795,]
[311,663,789,971,]
[311,317,789,971,]
[311,317,637,789,]
[311,317,789,795,]
[311,317,789,971,]
[663,704,762,789,]
[663,704,762,789,]
[304,317,704,789,]
[304,317,789,795,]
[304,317,704,789,]
[304,317,789,795,]
[311,697,789,994,]
[311,697,789,994,]
[311,317,637,789,]
[311,317,637,789,]
[663,704,762,789,]
[663,704,762,789,]
[304,317,704,789,]
[304,317,704,789,]
[311,317,789,795,]
[304,317,789,795,]
[311,317,789,795,]
[304,317,789,795,]
[311,663,789,971,]
[311,663,789,971,]
[311,317,789,971,]
[311,317,789,971,]
[311,317,637,789,]
[311,317,789,795,]
[311,317,789,971,]
[304,317,704,789,]
[304,317,789,795,]
[311,317,637,789,]
[304,317,704,789,]
[311,317,789,795,]
[304,317,789,795,]
[311,317,789,971,]
[72,663,697,789,]
[72,663,697,789,]
[311,317,637,789,]
[311,317,789,795,]
[311,317,789,971,]
[311,317,637,789,]
[311,317,789,795,]
[311,317,789,971,]
[304,317,704,789,]
[304,317,789,795,]
[304,317,704,789,]
[304,317,789,795,]
[311,317,637,789,]
[311,317,637,789,]
[304,317,704,789,]
[304,317,704,789,]
[311,317,789,795,]
[304,317,789,795,]
[311,317,789,795,]
[304,317,789,795,]
[311,317,789,971,]
[311,317,789,971,]
[311,317,637,789,]
[311,317,789,795,]
[311,317,789,971,]
[304,317,704,789,]
[304,317,789,795,]
[311,317,637,789,]
[304,317,704,789,]
[311,317,789,795,]
[304,317,789,795,]
[311,317,789,971,]
[6,8,28,55,]
[6,8,28,55,]
[6,8,28,55,]
[6,8,28,55,]
[6,8,28,55,]
[6,8,28,55,]
[72,663,697,789,]
[72,663,697,789,]
[72,663,697,789,]
[72,663,697,789,]
[72,663,697,789,]
[72,663,697,789,]
[311,663,697,993,]
[311,663,697,993,]
[311,663,697,993,]
[311,663,697,993,]
[311,663,697,993,]
[311,663,697,993,]
Level:
Clique Finding ended at 1303116427
